Starting...
/mnt/aiongpfs/users/ekadisa/micromamba/envs/CNN-project/lib/python3.10/site-packages/torchvision/models/_utils.py:208: UserWarning: The parameter 'pretrained' is deprecated since 0.13 and may be removed in the future, please use 'weights' instead.
  warnings.warn(
/mnt/aiongpfs/users/ekadisa/micromamba/envs/CNN-project/lib/python3.10/site-packages/torchvision/models/_utils.py:223: UserWarning: Arguments other than a weight enum or `None` for 'weights' are deprecated since 0.13 and may be removed in the future. The current behavior is equivalent to passing `weights=VGG19_Weights.IMAGENET1K_V1`. You can also use `weights=VGG19_Weights.DEFAULT` to get the most up-to-date weights.
  warnings.warn(msg)
Entered main function. Starting training process.
start time:  1747066831.2924693
Made output directory:  vgg19_raw/
Using device: cuda
model loaded in: 1.5118608474731445
data loaded
Epoch 1/100 - Loss: 0.6808 - Accuracy: 59.24%
Validation - Loss: 0.6721 - Accuracy: 60.49%
Epoch 2/100 - Loss: 0.6763 - Accuracy: 59.74%
Validation - Loss: 0.6776 - Accuracy: 60.49%
Epoch 3/100 - Loss: 0.6802 - Accuracy: 59.84%
Validation - Loss: 0.6750 - Accuracy: 60.49%
Epoch 4/100 - Loss: 0.6486 - Accuracy: 61.29%
Validation - Loss: 0.5667 - Accuracy: 68.68%
Epoch 5/100 - Loss: 0.5710 - Accuracy: 68.72%
Validation - Loss: 0.5328 - Accuracy: 74.32%
Epoch 6/100 - Loss: 0.4471 - Accuracy: 78.66%
Validation - Loss: 0.3807 - Accuracy: 82.43%
Epoch 7/100 - Loss: 0.3870 - Accuracy: 81.80%
Validation - Loss: 0.3747 - Accuracy: 81.64%
Epoch 8/100 - Loss: 0.3475 - Accuracy: 83.86%
Validation - Loss: 0.3572 - Accuracy: 83.78%
Epoch 9/100 - Loss: 0.3309 - Accuracy: 84.72%
Validation - Loss: 0.3312 - Accuracy: 84.90%
Epoch 10/100 - Loss: 0.3396 - Accuracy: 84.84%
Validation - Loss: 0.3542 - Accuracy: 82.91%
Epoch 11/100 - Loss: 0.3262 - Accuracy: 85.04%
Validation - Loss: 0.3530 - Accuracy: 84.34%
Epoch 12/100 - Loss: 0.3406 - Accuracy: 84.56%
Validation - Loss: 0.3373 - Accuracy: 83.70%
Epoch 13/100 - Loss: 0.3129 - Accuracy: 85.65%
Validation - Loss: 0.3366 - Accuracy: 83.78%
Epoch 14/100 - Loss: 0.3163 - Accuracy: 85.43%
Validation - Loss: 0.3343 - Accuracy: 83.39%
Epoch 15/100 - Loss: 0.3111 - Accuracy: 85.91%
Validation - Loss: 0.3133 - Accuracy: 85.61%
Epoch 16/100 - Loss: 0.3019 - Accuracy: 86.94%
Validation - Loss: 0.2840 - Accuracy: 86.49%
Epoch 17/100 - Loss: 0.2974 - Accuracy: 86.55%
Validation - Loss: 0.2950 - Accuracy: 85.69%
Epoch 18/100 - Loss: 0.2847 - Accuracy: 87.58%
Validation - Loss: 0.3236 - Accuracy: 85.69%
Epoch 19/100 - Loss: 0.2685 - Accuracy: 87.86%
Validation - Loss: 0.2945 - Accuracy: 85.45%
Epoch 20/100 - Loss: 0.2708 - Accuracy: 87.80%
Validation - Loss: 0.3035 - Accuracy: 86.33%
Epoch 21/100 - Loss: 0.2487 - Accuracy: 89.13%
Validation - Loss: 0.2771 - Accuracy: 86.25%
Epoch 22/100 - Loss: 0.2520 - Accuracy: 89.27%
Validation - Loss: 0.2520 - Accuracy: 88.95%
Epoch 23/100 - Loss: 0.2275 - Accuracy: 90.00%
Validation - Loss: 0.2713 - Accuracy: 87.92%
Epoch 24/100 - Loss: 0.2434 - Accuracy: 89.09%
Validation - Loss: 0.2872 - Accuracy: 88.08%
Epoch 25/100 - Loss: 0.2084 - Accuracy: 90.84%
Validation - Loss: 0.2357 - Accuracy: 90.78%
Epoch 26/100 - Loss: 0.2294 - Accuracy: 90.06%
Validation - Loss: 0.2372 - Accuracy: 89.59%
Epoch 27/100 - Loss: 0.1935 - Accuracy: 91.93%
Validation - Loss: 0.2616 - Accuracy: 89.98%
Epoch 28/100 - Loss: 0.1905 - Accuracy: 91.89%
Validation - Loss: 0.2341 - Accuracy: 89.98%
Epoch 29/100 - Loss: 0.1802 - Accuracy: 92.77%
Validation - Loss: 0.2419 - Accuracy: 89.83%
Epoch 30/100 - Loss: 0.1666 - Accuracy: 93.08%
Validation - Loss: 0.2400 - Accuracy: 90.30%
Epoch 31/100 - Loss: 0.1586 - Accuracy: 93.84%
Validation - Loss: 0.1995 - Accuracy: 92.37%
Epoch 32/100 - Loss: 0.1494 - Accuracy: 93.84%
Validation - Loss: 0.2164 - Accuracy: 89.83%
Epoch 33/100 - Loss: 0.1387 - Accuracy: 94.46%
Validation - Loss: 0.2016 - Accuracy: 91.02%
Epoch 34/100 - Loss: 0.1334 - Accuracy: 94.93%
Validation - Loss: 0.2030 - Accuracy: 91.89%
Epoch 35/100 - Loss: 0.1374 - Accuracy: 94.53%
Validation - Loss: 0.2419 - Accuracy: 90.78%
Epoch 36/100 - Loss: 0.1238 - Accuracy: 94.91%
Validation - Loss: 0.2164 - Accuracy: 91.81%
Epoch 37/100 - Loss: 0.1107 - Accuracy: 95.51%
Validation - Loss: 0.2025 - Accuracy: 91.34%
Epoch 38/100 - Loss: 0.1191 - Accuracy: 95.25%
Validation - Loss: 0.2151 - Accuracy: 91.49%
Epoch 39/100 - Loss: 0.1146 - Accuracy: 95.89%
Validation - Loss: 0.2072 - Accuracy: 91.81%
Epoch 40/100 - Loss: 0.1059 - Accuracy: 96.03%
Validation - Loss: 0.2419 - Accuracy: 91.26%
Epoch 41/100 - Loss: 0.0988 - Accuracy: 96.38%
Validation - Loss: 0.2406 - Accuracy: 91.18%
Epoch 42/100 - Loss: 0.0893 - Accuracy: 96.52%
Validation - Loss: 0.2840 - Accuracy: 92.45%
Epoch 43/100 - Loss: 0.0806 - Accuracy: 96.74%
Validation - Loss: 0.1947 - Accuracy: 94.04%
Epoch 44/100 - Loss: 0.0868 - Accuracy: 96.78%
Validation - Loss: 0.2240 - Accuracy: 92.05%
Epoch 45/100 - Loss: 0.0691 - Accuracy: 97.50%
Validation - Loss: 0.2038 - Accuracy: 92.13%
Epoch 46/100 - Loss: 0.0646 - Accuracy: 97.67%
Validation - Loss: 0.3126 - Accuracy: 92.13%
Epoch 47/100 - Loss: 0.0679 - Accuracy: 97.40%
Validation - Loss: 0.2419 - Accuracy: 93.08%
Epoch 48/100 - Loss: 0.0715 - Accuracy: 97.22%
Validation - Loss: 0.2199 - Accuracy: 92.77%
Epoch 49/100 - Loss: 0.0669 - Accuracy: 97.48%
Validation - Loss: 0.2848 - Accuracy: 92.53%
Epoch 50/100 - Loss: 0.0641 - Accuracy: 97.56%
Validation - Loss: 0.2474 - Accuracy: 93.32%
Epoch 51/100 - Loss: 0.0575 - Accuracy: 97.79%
Validation - Loss: 0.2507 - Accuracy: 92.05%
Epoch 52/100 - Loss: 0.0796 - Accuracy: 97.10%
Validation - Loss: 0.2136 - Accuracy: 91.97%
Epoch 53/100 - Loss: 0.0514 - Accuracy: 98.13%
Validation - Loss: 0.3030 - Accuracy: 92.37%
Epoch 54/100 - Loss: 0.0437 - Accuracy: 98.29%
Validation - Loss: 0.2684 - Accuracy: 91.41%
Epoch 55/100 - Loss: 0.0413 - Accuracy: 98.55%
Validation - Loss: 0.2598 - Accuracy: 92.45%
Epoch 56/100 - Loss: 0.0543 - Accuracy: 97.97%
Validation - Loss: 0.2493 - Accuracy: 91.10%
Epoch 57/100 - Loss: 0.0398 - Accuracy: 98.59%
Validation - Loss: 0.2488 - Accuracy: 92.93%
Epoch 58/100 - Loss: 0.0441 - Accuracy: 98.39%
Validation - Loss: 0.2924 - Accuracy: 91.73%
Epoch 59/100 - Loss: 0.0540 - Accuracy: 97.93%
Validation - Loss: 0.4707 - Accuracy: 90.94%
Epoch 60/100 - Loss: 0.0370 - Accuracy: 98.87%
Validation - Loss: 0.3147 - Accuracy: 91.57%
Epoch 61/100 - Loss: 0.0393 - Accuracy: 98.53%
Validation - Loss: 0.2952 - Accuracy: 92.69%
Epoch 62/100 - Loss: 0.0448 - Accuracy: 98.33%
Validation - Loss: 0.3167 - Accuracy: 89.43%
Epoch 63/100 - Loss: 0.0560 - Accuracy: 98.17%
Validation - Loss: 0.3015 - Accuracy: 92.77%
Epoch 64/100 - Loss: 0.0568 - Accuracy: 98.07%
Validation - Loss: 0.1703 - Accuracy: 93.72%
Epoch 65/100 - Loss: 0.0342 - Accuracy: 98.69%
Validation - Loss: 0.3249 - Accuracy: 93.00%
Epoch 66/100 - Loss: 0.0397 - Accuracy: 98.59%
Validation - Loss: 0.2484 - Accuracy: 92.85%
Epoch 67/100 - Loss: 0.0425 - Accuracy: 98.55%
Validation - Loss: 0.2771 - Accuracy: 92.21%
Epoch 68/100 - Loss: 0.0354 - Accuracy: 98.91%
Validation - Loss: 0.2851 - Accuracy: 92.61%
Epoch 69/100 - Loss: 0.0463 - Accuracy: 98.41%
Validation - Loss: 0.3345 - Accuracy: 92.61%
Epoch 70/100 - Loss: 0.0356 - Accuracy: 98.69%
Validation - Loss: 0.2861 - Accuracy: 92.69%
Epoch 71/100 - Loss: 0.0397 - Accuracy: 98.67%
Validation - Loss: 0.2310 - Accuracy: 94.44%
Epoch 72/100 - Loss: 0.0377 - Accuracy: 98.75%
Validation - Loss: 0.2314 - Accuracy: 93.40%
Epoch 73/100 - Loss: 0.0371 - Accuracy: 98.57%
Validation - Loss: 0.2400 - Accuracy: 92.69%
Epoch 74/100 - Loss: 0.0266 - Accuracy: 98.95%
Validation - Loss: 0.3691 - Accuracy: 92.53%
Epoch 75/100 - Loss: 0.0443 - Accuracy: 98.37%
Validation - Loss: 0.2335 - Accuracy: 93.96%
Epoch 76/100 - Loss: 0.0320 - Accuracy: 98.91%
Validation - Loss: 0.2411 - Accuracy: 92.77%
Epoch 77/100 - Loss: 0.0314 - Accuracy: 98.85%
Validation - Loss: 0.3124 - Accuracy: 92.05%
Epoch 78/100 - Loss: 0.0386 - Accuracy: 98.67%
Validation - Loss: 0.2841 - Accuracy: 91.73%
Epoch 79/100 - Loss: 0.0332 - Accuracy: 98.91%
Validation - Loss: 0.2445 - Accuracy: 92.37%
Epoch 80/100 - Loss: 0.0232 - Accuracy: 99.22%
Validation - Loss: 0.2432 - Accuracy: 93.56%
Epoch 81/100 - Loss: 0.0328 - Accuracy: 99.01%
Validation - Loss: 0.2696 - Accuracy: 92.61%
Epoch 82/100 - Loss: 0.0320 - Accuracy: 98.69%
Validation - Loss: 0.2615 - Accuracy: 92.77%
Epoch 83/100 - Loss: 0.0316 - Accuracy: 99.09%
Validation - Loss: 0.2356 - Accuracy: 92.13%
Epoch 84/100 - Loss: 0.0303 - Accuracy: 98.91%
Validation - Loss: 0.3037 - Accuracy: 92.85%
Epoch 85/100 - Loss: 0.0275 - Accuracy: 99.13%
Validation - Loss: 0.4196 - Accuracy: 91.97%
Epoch 86/100 - Loss: 0.0355 - Accuracy: 98.65%
Validation - Loss: 0.2773 - Accuracy: 93.32%
Epoch 87/100 - Loss: 0.0237 - Accuracy: 99.30%
Validation - Loss: 0.3175 - Accuracy: 92.77%
Epoch 88/100 - Loss: 0.0313 - Accuracy: 98.81%
Validation - Loss: 0.2496 - Accuracy: 94.04%
Epoch 89/100 - Loss: 0.0237 - Accuracy: 99.13%
Validation - Loss: 0.3164 - Accuracy: 91.18%
Epoch 90/100 - Loss: 0.0427 - Accuracy: 98.51%
Validation - Loss: 0.5704 - Accuracy: 90.78%
Epoch 91/100 - Loss: 0.0513 - Accuracy: 98.29%
Validation - Loss: 0.2052 - Accuracy: 93.24%
Epoch 92/100 - Loss: 0.0356 - Accuracy: 98.63%
Validation - Loss: 0.2663 - Accuracy: 93.08%
Epoch 93/100 - Loss: 0.0249 - Accuracy: 99.13%
Validation - Loss: 0.3356 - Accuracy: 93.56%
Epoch 94/100 - Loss: 0.0178 - Accuracy: 99.34%
Validation - Loss: 0.3000 - Accuracy: 93.72%
Epoch 95/100 - Loss: 0.0223 - Accuracy: 99.28%
Validation - Loss: 0.3116 - Accuracy: 92.05%
Epoch 96/100 - Loss: 0.0279 - Accuracy: 98.95%
Validation - Loss: 0.2450 - Accuracy: 93.08%
Epoch 97/100 - Loss: 0.0214 - Accuracy: 99.26%
Validation - Loss: 0.2939 - Accuracy: 93.48%
Epoch 98/100 - Loss: 0.0307 - Accuracy: 98.79%
Validation - Loss: 0.3215 - Accuracy: 92.45%
Epoch 99/100 - Loss: 0.0256 - Accuracy: 99.07%
Validation - Loss: 0.3061 - Accuracy: 93.16%
Epoch 100/100 - Loss: 0.0277 - Accuracy: 99.17%
Validation - Loss: 0.2778 - Accuracy: 93.56%
trained model
metrics plotted

Metrics saved to: vgg19_raw/metrics_vgg19_raw.txt
Test Accuracy: 93.50%
F1 Score: 0.9353
Recall: 0.9400
Precision: 0.9307
ROC AUC: 0.9871

Confidence statistics saved to: vgg19_raw/confidence_statistics_vgg19_raw.txt
model evaluated
Model saved successfully!
model saved
it took:  3715.2230710983276
training time saved
Finished training process.
