Starting...
/mnt/aiongpfs/users/ekadisa/micromamba/envs/CNN-project/lib/python3.10/site-packages/torchvision/models/_utils.py:208: UserWarning: The parameter 'pretrained' is deprecated since 0.13 and may be removed in the future, please use 'weights' instead.
  warnings.warn(
/mnt/aiongpfs/users/ekadisa/micromamba/envs/CNN-project/lib/python3.10/site-packages/torchvision/models/_utils.py:223: UserWarning: Arguments other than a weight enum or `None` for 'weights' are deprecated since 0.13 and may be removed in the future. The current behavior is equivalent to passing `weights=VGG19_Weights.IMAGENET1K_V1`. You can also use `weights=VGG19_Weights.DEFAULT` to get the most up-to-date weights.
  warnings.warn(msg)
Entered main function. Starting training process.
start time:  1747072715.8534746
Made output directory:  vgg19_preprocessed/
Using device: cuda
model loaded in: 1.4944872856140137
data loaded
Epoch 1/40 - Loss: 0.6838 - Accuracy: 56.70%
Validation - Loss: 0.6940 - Accuracy: 58.27%
Epoch 2/40 - Loss: 0.6830 - Accuracy: 57.09%
Validation - Loss: 0.6807 - Accuracy: 58.27%
Epoch 3/40 - Loss: 0.6865 - Accuracy: 56.45%
Validation - Loss: 0.6817 - Accuracy: 58.27%
Epoch 4/40 - Loss: 0.6847 - Accuracy: 57.36%
Validation - Loss: 0.6806 - Accuracy: 58.27%
Epoch 5/40 - Loss: 0.6842 - Accuracy: 57.55%
Validation - Loss: 0.6821 - Accuracy: 58.27%
Epoch 6/40 - Loss: 0.6825 - Accuracy: 57.53%
Validation - Loss: 0.6957 - Accuracy: 58.27%
Epoch 7/40 - Loss: 0.6828 - Accuracy: 57.53%
Validation - Loss: 0.6795 - Accuracy: 58.27%
Epoch 8/40 - Loss: 0.6832 - Accuracy: 57.49%
Validation - Loss: 0.6811 - Accuracy: 58.27%
Epoch 9/40 - Loss: 0.6827 - Accuracy: 57.53%
Validation - Loss: 0.6796 - Accuracy: 58.27%
Epoch 10/40 - Loss: 0.6814 - Accuracy: 57.45%
Validation - Loss: 0.6745 - Accuracy: 58.27%
Epoch 11/40 - Loss: 0.6838 - Accuracy: 56.96%
Validation - Loss: 0.6815 - Accuracy: 58.27%
Epoch 12/40 - Loss: 0.6819 - Accuracy: 57.49%
Validation - Loss: 0.6821 - Accuracy: 58.27%
Epoch 13/40 - Loss: 0.6820 - Accuracy: 57.53%
Validation - Loss: 0.6778 - Accuracy: 58.27%
Epoch 14/40 - Loss: 0.6825 - Accuracy: 57.62%
Validation - Loss: 0.6783 - Accuracy: 58.27%
Epoch 15/40 - Loss: 0.6832 - Accuracy: 57.55%
Validation - Loss: 0.6794 - Accuracy: 58.27%
Epoch 16/40 - Loss: 0.6812 - Accuracy: 57.47%
Validation - Loss: 0.6806 - Accuracy: 58.27%
Epoch 17/40 - Loss: 0.6833 - Accuracy: 57.25%
Validation - Loss: 0.6783 - Accuracy: 58.27%
Epoch 18/40 - Loss: 0.6794 - Accuracy: 57.25%
Validation - Loss: 0.6767 - Accuracy: 58.27%
Epoch 19/40 - Loss: 0.6748 - Accuracy: 57.40%
Validation - Loss: 0.6807 - Accuracy: 58.27%
Epoch 20/40 - Loss: 0.6829 - Accuracy: 57.49%
Validation - Loss: 0.6784 - Accuracy: 58.27%
Epoch 21/40 - Loss: 0.6750 - Accuracy: 57.38%
Validation - Loss: 0.6377 - Accuracy: 58.27%
Epoch 22/40 - Loss: 0.6639 - Accuracy: 57.89%
Validation - Loss: 0.6807 - Accuracy: 58.27%
Epoch 23/40 - Loss: 0.6780 - Accuracy: 57.09%
Validation - Loss: 0.6772 - Accuracy: 58.52%
Epoch 24/40 - Loss: 0.6766 - Accuracy: 57.70%
Validation - Loss: 0.6737 - Accuracy: 58.27%
Epoch 25/40 - Loss: 0.6739 - Accuracy: 57.02%
Validation - Loss: 0.6699 - Accuracy: 59.80%
Epoch 26/40 - Loss: 0.5992 - Accuracy: 64.83%
Validation - Loss: 0.6523 - Accuracy: 59.03%
Epoch 27/40 - Loss: 0.4163 - Accuracy: 80.36%
Validation - Loss: 0.3687 - Accuracy: 84.39%
Epoch 28/40 - Loss: 0.3180 - Accuracy: 86.59%
Validation - Loss: 0.3229 - Accuracy: 86.43%
Epoch 29/40 - Loss: 0.2702 - Accuracy: 89.33%
Validation - Loss: 0.2544 - Accuracy: 90.08%
Epoch 30/40 - Loss: 0.2959 - Accuracy: 87.19%
Validation - Loss: 0.2476 - Accuracy: 90.33%
Epoch 31/40 - Loss: 0.2346 - Accuracy: 91.11%
Validation - Loss: 0.2411 - Accuracy: 90.50%
Epoch 32/40 - Loss: 0.2363 - Accuracy: 90.67%
Validation - Loss: 0.2548 - Accuracy: 89.48%
Epoch 33/40 - Loss: 0.2157 - Accuracy: 91.58%
Validation - Loss: 0.2405 - Accuracy: 90.59%
Epoch 34/40 - Loss: 0.2179 - Accuracy: 91.43%
Validation - Loss: 0.2474 - Accuracy: 89.57%
Epoch 35/40 - Loss: 0.2233 - Accuracy: 91.43%
Validation - Loss: 0.2196 - Accuracy: 90.84%
Epoch 36/40 - Loss: 0.2096 - Accuracy: 91.96%
Validation - Loss: 0.2084 - Accuracy: 92.03%
Epoch 37/40 - Loss: 0.2057 - Accuracy: 92.17%
Validation - Loss: 0.2386 - Accuracy: 90.50%
Epoch 38/40 - Loss: 0.2007 - Accuracy: 92.47%
Validation - Loss: 0.2234 - Accuracy: 91.69%
Epoch 39/40 - Loss: 0.2018 - Accuracy: 92.11%
Validation - Loss: 0.2405 - Accuracy: 90.92%
Epoch 40/40 - Loss: 0.2060 - Accuracy: 92.21%
Validation - Loss: 0.2050 - Accuracy: 92.37%
trained model
metrics plotted

Metrics saved to: vgg19_preprocessed/metrics_vgg19_preprocessed.txt
Test Accuracy: 94.00%
F1 Score: 0.9417
Recall: 0.9700
Precision: 0.9151
ROC AUC: 0.9749

Confidence statistics saved to: vgg19_preprocessed/confidence_statistics_vgg19_preprocessed.txt
model evaluated
Model saved successfully!
model saved
it took:  1401.40225315094
training time saved
Finished training process.
