Starting...
/mnt/aiongpfs/users/ekadisa/micromamba/envs/CNN-project/lib/python3.10/site-packages/torchvision/models/_utils.py:208: UserWarning: The parameter 'pretrained' is deprecated since 0.13 and may be removed in the future, please use 'weights' instead.
  warnings.warn(
/mnt/aiongpfs/users/ekadisa/micromamba/envs/CNN-project/lib/python3.10/site-packages/torchvision/models/_utils.py:223: UserWarning: Arguments other than a weight enum or `None` for 'weights' are deprecated since 0.13 and may be removed in the future. The current behavior is equivalent to passing `weights=VGG19_Weights.IMAGENET1K_V1`. You can also use `weights=VGG19_Weights.DEFAULT` to get the most up-to-date weights.
  warnings.warn(msg)
/mnt/aiongpfs/users/ekadisa/micromamba/envs/CNN-project/lib/python3.10/site-packages/sklearn/metrics/_classification.py:1565: UndefinedMetricWarning: Precision is ill-defined and being set to 0.0 due to no predicted samples. Use `zero_division` parameter to control this behavior.
  _warn_prf(average, modifier, f"{metric.capitalize()} is", len(result))
Entered main function. Starting training process.
start time:  1747050447.2504668
Made output directory:  vgg19_preprocessed/
Using device: cuda
model loaded in: 1.379122257232666
data loaded
Epoch 1/100 - Loss: 0.6866 - Accuracy: 57.32%
Validation - Loss: 0.6840 - Accuracy: 56.91%
Epoch 2/100 - Loss: 0.6838 - Accuracy: 57.76%
Validation - Loss: 0.6828 - Accuracy: 56.91%
Epoch 3/100 - Loss: 0.6835 - Accuracy: 57.72%
Validation - Loss: 0.6857 - Accuracy: 56.91%
Epoch 4/100 - Loss: 0.6820 - Accuracy: 57.89%
Validation - Loss: 0.6814 - Accuracy: 56.91%
Epoch 5/100 - Loss: 0.6822 - Accuracy: 57.83%
Validation - Loss: 0.6847 - Accuracy: 56.91%
Epoch 6/100 - Loss: 0.6821 - Accuracy: 57.87%
Validation - Loss: 0.6882 - Accuracy: 56.91%
Epoch 7/100 - Loss: 0.6824 - Accuracy: 57.87%
Validation - Loss: 0.6836 - Accuracy: 56.91%
Epoch 8/100 - Loss: 0.6818 - Accuracy: 57.83%
Validation - Loss: 0.6855 - Accuracy: 56.91%
Epoch 9/100 - Loss: 0.6819 - Accuracy: 57.87%
Validation - Loss: 0.6836 - Accuracy: 56.91%
Epoch 10/100 - Loss: 0.6818 - Accuracy: 57.87%
Validation - Loss: 0.6835 - Accuracy: 56.91%
Epoch 11/100 - Loss: 0.6811 - Accuracy: 57.87%
Validation - Loss: 0.6834 - Accuracy: 56.91%
Epoch 12/100 - Loss: 0.6820 - Accuracy: 57.87%
Validation - Loss: 0.6839 - Accuracy: 56.91%
Epoch 13/100 - Loss: 0.6815 - Accuracy: 57.87%
Validation - Loss: 0.6853 - Accuracy: 56.91%
Epoch 14/100 - Loss: 0.6817 - Accuracy: 57.87%
Validation - Loss: 0.6842 - Accuracy: 56.91%
Epoch 15/100 - Loss: 0.6819 - Accuracy: 57.87%
Validation - Loss: 0.6838 - Accuracy: 56.91%
Epoch 16/100 - Loss: 0.6817 - Accuracy: 57.87%
Validation - Loss: 0.6834 - Accuracy: 56.91%
Epoch 17/100 - Loss: 0.6813 - Accuracy: 57.87%
Validation - Loss: 0.6834 - Accuracy: 56.91%
Epoch 18/100 - Loss: 0.6812 - Accuracy: 57.87%
Validation - Loss: 0.6835 - Accuracy: 56.91%
Epoch 19/100 - Loss: 0.6815 - Accuracy: 57.87%
Validation - Loss: 0.6835 - Accuracy: 56.91%
Epoch 20/100 - Loss: 0.6802 - Accuracy: 57.87%
Validation - Loss: 0.6860 - Accuracy: 56.91%
Epoch 21/100 - Loss: 0.6822 - Accuracy: 57.87%
Validation - Loss: 0.6842 - Accuracy: 56.91%
Epoch 22/100 - Loss: 0.6815 - Accuracy: 57.87%
Validation - Loss: 0.6847 - Accuracy: 56.91%
Epoch 23/100 - Loss: 0.6825 - Accuracy: 57.87%
Validation - Loss: 0.6855 - Accuracy: 56.91%
Epoch 24/100 - Loss: 0.6813 - Accuracy: 57.87%
Validation - Loss: 0.6842 - Accuracy: 56.91%
Epoch 25/100 - Loss: 0.6815 - Accuracy: 57.87%
Validation - Loss: 0.6840 - Accuracy: 56.91%
Epoch 26/100 - Loss: 0.6818 - Accuracy: 57.87%
Validation - Loss: 0.6834 - Accuracy: 56.91%
Epoch 27/100 - Loss: 0.6816 - Accuracy: 57.87%
Validation - Loss: 0.6838 - Accuracy: 56.91%
Epoch 28/100 - Loss: 0.6816 - Accuracy: 57.87%
Validation - Loss: 0.6847 - Accuracy: 56.91%
Epoch 29/100 - Loss: 0.6810 - Accuracy: 57.87%
Validation - Loss: 0.6834 - Accuracy: 56.91%
Epoch 30/100 - Loss: 0.6824 - Accuracy: 57.87%
Validation - Loss: 0.6838 - Accuracy: 56.91%
Epoch 31/100 - Loss: 0.6809 - Accuracy: 57.87%
Validation - Loss: 0.6844 - Accuracy: 56.91%
Epoch 32/100 - Loss: 0.6815 - Accuracy: 57.87%
Validation - Loss: 0.6834 - Accuracy: 56.91%
Epoch 33/100 - Loss: 0.6812 - Accuracy: 57.87%
Validation - Loss: 0.6834 - Accuracy: 56.91%
Epoch 34/100 - Loss: 0.6821 - Accuracy: 57.87%
Validation - Loss: 0.6835 - Accuracy: 56.91%
Epoch 35/100 - Loss: 0.6822 - Accuracy: 57.87%
Validation - Loss: 0.6845 - Accuracy: 56.91%
Epoch 36/100 - Loss: 0.6819 - Accuracy: 57.87%
Validation - Loss: 0.6835 - Accuracy: 56.91%
Epoch 37/100 - Loss: 0.6807 - Accuracy: 57.87%
Validation - Loss: 0.6844 - Accuracy: 56.91%
Epoch 38/100 - Loss: 0.6820 - Accuracy: 57.87%
Validation - Loss: 0.6866 - Accuracy: 56.91%
Epoch 39/100 - Loss: 0.6819 - Accuracy: 57.87%
Validation - Loss: 0.6837 - Accuracy: 56.91%
Epoch 40/100 - Loss: 0.6817 - Accuracy: 57.87%
Validation - Loss: 0.6838 - Accuracy: 56.91%
Epoch 41/100 - Loss: 0.6822 - Accuracy: 57.87%
Validation - Loss: 0.6835 - Accuracy: 56.91%
Epoch 42/100 - Loss: 0.6818 - Accuracy: 57.87%
Validation - Loss: 0.6834 - Accuracy: 56.91%
Epoch 43/100 - Loss: 0.6812 - Accuracy: 57.87%
Validation - Loss: 0.6836 - Accuracy: 56.91%
Epoch 44/100 - Loss: 0.6820 - Accuracy: 57.87%
Validation - Loss: 0.6848 - Accuracy: 56.91%
Epoch 45/100 - Loss: 0.6811 - Accuracy: 57.87%
Validation - Loss: 0.6836 - Accuracy: 56.91%
Epoch 46/100 - Loss: 0.6812 - Accuracy: 57.87%
Validation - Loss: 0.6838 - Accuracy: 56.91%
Epoch 47/100 - Loss: 0.6813 - Accuracy: 57.87%
Validation - Loss: 0.6836 - Accuracy: 56.91%
Epoch 48/100 - Loss: 0.6810 - Accuracy: 57.87%
Validation - Loss: 0.6836 - Accuracy: 56.91%
Epoch 49/100 - Loss: 0.6813 - Accuracy: 57.87%
Validation - Loss: 0.6836 - Accuracy: 56.91%
Epoch 50/100 - Loss: 0.6809 - Accuracy: 57.87%
Validation - Loss: 0.6835 - Accuracy: 56.91%
Epoch 51/100 - Loss: 0.6816 - Accuracy: 57.87%
Validation - Loss: 0.6836 - Accuracy: 56.91%
Epoch 52/100 - Loss: 0.6812 - Accuracy: 57.87%
Validation - Loss: 0.6834 - Accuracy: 56.91%
Epoch 53/100 - Loss: 0.6816 - Accuracy: 57.87%
Validation - Loss: 0.6835 - Accuracy: 56.91%
Epoch 54/100 - Loss: 0.6803 - Accuracy: 57.87%
Validation - Loss: 0.6845 - Accuracy: 56.91%
Epoch 55/100 - Loss: 0.6813 - Accuracy: 57.87%
Validation - Loss: 0.6860 - Accuracy: 56.91%
Epoch 56/100 - Loss: 0.6818 - Accuracy: 57.87%
Validation - Loss: 0.6834 - Accuracy: 56.91%
Epoch 57/100 - Loss: 0.6810 - Accuracy: 57.87%
Validation - Loss: 0.6834 - Accuracy: 56.91%
Epoch 58/100 - Loss: 0.6811 - Accuracy: 57.87%
Validation - Loss: 0.6835 - Accuracy: 56.91%
Epoch 59/100 - Loss: 0.6811 - Accuracy: 57.87%
Validation - Loss: 0.6837 - Accuracy: 56.91%
Epoch 60/100 - Loss: 0.6812 - Accuracy: 57.87%
Validation - Loss: 0.6834 - Accuracy: 56.91%
Epoch 61/100 - Loss: 0.6816 - Accuracy: 57.87%
Validation - Loss: 0.6834 - Accuracy: 56.91%
Epoch 62/100 - Loss: 0.6818 - Accuracy: 57.87%
Validation - Loss: 0.6838 - Accuracy: 56.91%
Epoch 63/100 - Loss: 0.6817 - Accuracy: 57.87%
Validation - Loss: 0.6843 - Accuracy: 56.91%
Epoch 64/100 - Loss: 0.6813 - Accuracy: 57.87%
Validation - Loss: 0.6834 - Accuracy: 56.91%
Epoch 65/100 - Loss: 0.6819 - Accuracy: 57.87%
Validation - Loss: 0.6834 - Accuracy: 56.91%
Epoch 66/100 - Loss: 0.6810 - Accuracy: 57.87%
Validation - Loss: 0.6835 - Accuracy: 56.91%
Epoch 67/100 - Loss: 0.6808 - Accuracy: 57.87%
Validation - Loss: 0.6834 - Accuracy: 56.91%
Epoch 68/100 - Loss: 0.6815 - Accuracy: 57.87%
Validation - Loss: 0.6834 - Accuracy: 56.91%
Epoch 69/100 - Loss: 0.6814 - Accuracy: 57.87%
Validation - Loss: 0.6834 - Accuracy: 56.91%
Epoch 70/100 - Loss: 0.6814 - Accuracy: 57.87%
Validation - Loss: 0.6844 - Accuracy: 56.91%
Epoch 71/100 - Loss: 0.6804 - Accuracy: 57.87%
Validation - Loss: 0.6834 - Accuracy: 56.91%
Epoch 72/100 - Loss: 0.6803 - Accuracy: 57.87%
Validation - Loss: 0.6840 - Accuracy: 56.91%
Epoch 73/100 - Loss: 0.6813 - Accuracy: 57.87%
Validation - Loss: 0.6834 - Accuracy: 56.91%
Epoch 74/100 - Loss: 0.6812 - Accuracy: 57.87%
Validation - Loss: 0.6834 - Accuracy: 56.91%
Epoch 75/100 - Loss: 0.6816 - Accuracy: 57.87%
Validation - Loss: 0.6838 - Accuracy: 56.91%
Epoch 76/100 - Loss: 0.6813 - Accuracy: 57.87%
Validation - Loss: 0.6835 - Accuracy: 56.91%
Epoch 77/100 - Loss: 0.6810 - Accuracy: 57.87%
Validation - Loss: 0.6854 - Accuracy: 56.91%
Epoch 78/100 - Loss: 0.6811 - Accuracy: 57.87%
Validation - Loss: 0.6834 - Accuracy: 56.91%
Epoch 79/100 - Loss: 0.6810 - Accuracy: 57.87%
Validation - Loss: 0.6837 - Accuracy: 56.91%
Epoch 80/100 - Loss: 0.6811 - Accuracy: 57.87%
Validation - Loss: 0.6835 - Accuracy: 56.91%
Epoch 81/100 - Loss: 0.6810 - Accuracy: 57.87%
Validation - Loss: 0.6838 - Accuracy: 56.91%
Epoch 82/100 - Loss: 0.6815 - Accuracy: 57.87%
Validation - Loss: 0.6834 - Accuracy: 56.91%
Epoch 83/100 - Loss: 0.6812 - Accuracy: 57.87%
Validation - Loss: 0.6834 - Accuracy: 56.91%
Epoch 84/100 - Loss: 0.6807 - Accuracy: 57.87%
Validation - Loss: 0.6834 - Accuracy: 56.91%
Epoch 85/100 - Loss: 0.6805 - Accuracy: 57.87%
Validation - Loss: 0.6840 - Accuracy: 56.91%
Epoch 86/100 - Loss: 0.6817 - Accuracy: 57.87%
Validation - Loss: 0.6834 - Accuracy: 56.91%
Epoch 87/100 - Loss: 0.6816 - Accuracy: 57.87%
Validation - Loss: 0.6834 - Accuracy: 56.91%
Epoch 88/100 - Loss: 0.6816 - Accuracy: 57.87%
Validation - Loss: 0.6834 - Accuracy: 56.91%
Epoch 89/100 - Loss: 0.6818 - Accuracy: 57.87%
Validation - Loss: 0.6834 - Accuracy: 56.91%
Epoch 90/100 - Loss: 0.6813 - Accuracy: 57.87%
Validation - Loss: 0.6840 - Accuracy: 56.91%
Epoch 91/100 - Loss: 0.6808 - Accuracy: 57.87%
Validation - Loss: 0.6837 - Accuracy: 56.91%
Epoch 92/100 - Loss: 0.6812 - Accuracy: 57.87%
Validation - Loss: 0.6834 - Accuracy: 56.91%
Epoch 93/100 - Loss: 0.6811 - Accuracy: 57.87%
Validation - Loss: 0.6838 - Accuracy: 56.91%
Epoch 94/100 - Loss: 0.6812 - Accuracy: 57.87%
Validation - Loss: 0.6834 - Accuracy: 56.91%
Epoch 95/100 - Loss: 0.6819 - Accuracy: 57.87%
Validation - Loss: 0.6834 - Accuracy: 56.91%
Epoch 96/100 - Loss: 0.6817 - Accuracy: 57.87%
Validation - Loss: 0.6834 - Accuracy: 56.91%
Epoch 97/100 - Loss: 0.6805 - Accuracy: 57.87%
Validation - Loss: 0.6836 - Accuracy: 56.91%
Epoch 98/100 - Loss: 0.6807 - Accuracy: 57.87%
Validation - Loss: 0.6837 - Accuracy: 56.91%
Epoch 99/100 - Loss: 0.6807 - Accuracy: 57.87%
Validation - Loss: 0.6840 - Accuracy: 56.91%
Epoch 100/100 - Loss: 0.6809 - Accuracy: 57.87%
Validation - Loss: 0.6836 - Accuracy: 56.91%
trained model
metrics plotted

Metrics saved to: vgg19_preprocessed/metrics_vgg19_preprocessed.txt
Test Accuracy: 50.00%
F1 Score: 0.0000
Recall: 0.0000
Precision: 0.0000
ROC AUC: 0.5000

Confidence statistics saved to: vgg19_preprocessed/confidence_statistics_vgg19_preprocessed.txt
model evaluated
Model saved successfully!
model saved
it took:  3437.289575099945
training time saved
Finished training process.
