Starting...
/mnt/aiongpfs/users/ekadisa/micromamba/envs/CNN-project/lib/python3.10/site-packages/torchvision/models/_utils.py:208: UserWarning: The parameter 'pretrained' is deprecated since 0.13 and may be removed in the future, please use 'weights' instead.
  warnings.warn(
/mnt/aiongpfs/users/ekadisa/micromamba/envs/CNN-project/lib/python3.10/site-packages/torchvision/models/_utils.py:223: UserWarning: Arguments other than a weight enum or `None` for 'weights' are deprecated since 0.13 and may be removed in the future. The current behavior is equivalent to passing `weights=MobileNet_V3_Large_Weights.IMAGENET1K_V1`. You can also use `weights=MobileNet_V3_Large_Weights.DEFAULT` to get the most up-to-date weights.
  warnings.warn(msg)
Entered main function. Starting training process.
start time:  1746986875.67044
Made output directory:  mnv3_preprocessed/
Using device: cuda
model loaded in: 0.5003912448883057
data loaded
Epoch 1/40 - Loss: 0.6852 - Accuracy: 56.92%
Validation - Loss: 0.6995 - Accuracy: 50.30%
Epoch 2/40 - Loss: 0.6573 - Accuracy: 60.82%
Validation - Loss: 0.6651 - Accuracy: 59.46%
Epoch 3/40 - Loss: 0.6209 - Accuracy: 65.10%
Validation - Loss: 0.6123 - Accuracy: 66.41%
Epoch 4/40 - Loss: 0.5746 - Accuracy: 69.30%
Validation - Loss: 0.5639 - Accuracy: 70.74%
Epoch 5/40 - Loss: 0.4915 - Accuracy: 74.90%
Validation - Loss: 0.5576 - Accuracy: 71.67%
Epoch 6/40 - Loss: 0.4247 - Accuracy: 79.59%
Validation - Loss: 0.4377 - Accuracy: 79.30%
Epoch 7/40 - Loss: 0.3686 - Accuracy: 83.50%
Validation - Loss: 1.0983 - Accuracy: 59.54%
Epoch 8/40 - Loss: 0.3335 - Accuracy: 85.43%
Validation - Loss: 0.8010 - Accuracy: 60.22%
Epoch 9/40 - Loss: 0.3108 - Accuracy: 86.42%
Validation - Loss: 0.3431 - Accuracy: 83.38%
Epoch 10/40 - Loss: 0.2897 - Accuracy: 87.42%
Validation - Loss: 0.3035 - Accuracy: 88.21%
Epoch 11/40 - Loss: 0.2606 - Accuracy: 89.03%
Validation - Loss: 0.3313 - Accuracy: 85.24%
Epoch 12/40 - Loss: 0.2484 - Accuracy: 89.67%
Validation - Loss: 0.5602 - Accuracy: 74.13%
Epoch 13/40 - Loss: 0.2362 - Accuracy: 90.24%
Validation - Loss: 0.3095 - Accuracy: 87.96%
Epoch 14/40 - Loss: 0.2292 - Accuracy: 90.73%
Validation - Loss: 0.7064 - Accuracy: 64.89%
Epoch 15/40 - Loss: 0.2233 - Accuracy: 91.11%
Validation - Loss: 1.0995 - Accuracy: 59.20%
Epoch 16/40 - Loss: 0.2049 - Accuracy: 91.34%
Validation - Loss: 1.4363 - Accuracy: 58.61%
Epoch 17/40 - Loss: 0.1987 - Accuracy: 91.73%
Validation - Loss: 0.2999 - Accuracy: 88.21%
Epoch 18/40 - Loss: 0.1932 - Accuracy: 92.11%
Validation - Loss: 0.4730 - Accuracy: 79.30%
Epoch 19/40 - Loss: 0.1803 - Accuracy: 92.45%
Validation - Loss: 0.2885 - Accuracy: 88.30%
Epoch 20/40 - Loss: 0.1854 - Accuracy: 92.19%
Validation - Loss: 1.1796 - Accuracy: 64.04%
Epoch 21/40 - Loss: 0.1713 - Accuracy: 92.89%
Validation - Loss: 0.2896 - Accuracy: 87.79%
Epoch 22/40 - Loss: 0.1649 - Accuracy: 93.17%
Validation - Loss: 1.1830 - Accuracy: 65.90%
Epoch 23/40 - Loss: 0.1575 - Accuracy: 93.42%
Validation - Loss: 0.2529 - Accuracy: 90.67%
Epoch 24/40 - Loss: 0.1455 - Accuracy: 94.21%
Validation - Loss: 0.2807 - Accuracy: 91.01%
Epoch 25/40 - Loss: 0.1471 - Accuracy: 94.38%
Validation - Loss: 0.4305 - Accuracy: 82.53%
Epoch 26/40 - Loss: 0.1445 - Accuracy: 94.25%
Validation - Loss: 0.2667 - Accuracy: 88.38%
Epoch 27/40 - Loss: 0.1388 - Accuracy: 94.48%
Validation - Loss: 0.8587 - Accuracy: 71.33%
Epoch 28/40 - Loss: 0.1272 - Accuracy: 94.89%
Validation - Loss: 0.9981 - Accuracy: 68.70%
Epoch 29/40 - Loss: 0.1183 - Accuracy: 95.16%
Validation - Loss: 1.1576 - Accuracy: 67.51%
Epoch 30/40 - Loss: 0.1156 - Accuracy: 95.50%
Validation - Loss: 0.6299 - Accuracy: 74.64%
Epoch 31/40 - Loss: 0.0999 - Accuracy: 96.52%
Validation - Loss: 2.2806 - Accuracy: 62.51%
Epoch 32/40 - Loss: 0.1111 - Accuracy: 95.29%
Validation - Loss: 0.2381 - Accuracy: 91.35%
Epoch 33/40 - Loss: 0.1005 - Accuracy: 95.99%
Validation - Loss: 0.2650 - Accuracy: 89.57%
Epoch 34/40 - Loss: 0.0905 - Accuracy: 96.33%
Validation - Loss: 0.2870 - Accuracy: 88.89%
Epoch 35/40 - Loss: 0.0938 - Accuracy: 96.41%
Validation - Loss: 0.2975 - Accuracy: 89.91%
Epoch 36/40 - Loss: 0.0882 - Accuracy: 96.69%
Validation - Loss: 1.3007 - Accuracy: 68.96%
Epoch 37/40 - Loss: 0.0941 - Accuracy: 96.18%
Validation - Loss: 0.2244 - Accuracy: 91.26%
Epoch 38/40 - Loss: 0.0778 - Accuracy: 96.90%
Validation - Loss: 0.3634 - Accuracy: 86.94%
Epoch 39/40 - Loss: 0.0709 - Accuracy: 97.33%
Validation - Loss: 0.4729 - Accuracy: 84.05%
Epoch 40/40 - Loss: 0.0815 - Accuracy: 96.95%
Validation - Loss: 0.9457 - Accuracy: 72.52%
trained model
metrics plotted

Metrics saved to: mnv3_preprocessed/metrics_mnv3_preprocessed.txt
Test Accuracy: 70.50%
F1 Score: 0.5874
Recall: 0.4200
Precision: 0.9767
ROC AUC: 0.9691

Confidence statistics saved to: mnv3_preprocessed/confidence_statistics_mnv3_preprocessed.txt
model evaluated
Model saved successfully!
model saved
it took:  538.2439589500427
training time saved
Finished training process.
