Starting...
/mnt/aiongpfs/users/ekadisa/micromamba/envs/CNN-project/lib/python3.10/site-packages/torchvision/models/_utils.py:208: UserWarning: The parameter 'pretrained' is deprecated since 0.13 and may be removed in the future, please use 'weights' instead.
  warnings.warn(
/mnt/aiongpfs/users/ekadisa/micromamba/envs/CNN-project/lib/python3.10/site-packages/torchvision/models/_utils.py:223: UserWarning: Arguments other than a weight enum or `None` for 'weights' are deprecated since 0.13 and may be removed in the future. The current behavior is equivalent to passing `weights=MobileNet_V3_Large_Weights.IMAGENET1K_V1`. You can also use `weights=MobileNet_V3_Large_Weights.DEFAULT` to get the most up-to-date weights.
  warnings.warn(msg)
Entered main function. Starting training process.
start time:  1746992817.2570593
Made output directory:  mnv3_preprocessed/
Using device: cuda
model loaded in: 0.366748571395874
data loaded
Epoch 1/100 - Loss: 0.6823 - Accuracy: 57.19%
Validation - Loss: 0.6794 - Accuracy: 56.74%
Epoch 2/100 - Loss: 0.6600 - Accuracy: 60.44%
Validation - Loss: 0.6616 - Accuracy: 60.22%
Epoch 3/100 - Loss: 0.6253 - Accuracy: 64.53%
Validation - Loss: 0.6321 - Accuracy: 64.97%
Epoch 4/100 - Loss: 0.5812 - Accuracy: 68.96%
Validation - Loss: 0.5915 - Accuracy: 68.53%
Epoch 5/100 - Loss: 0.5290 - Accuracy: 73.04%
Validation - Loss: 0.6097 - Accuracy: 62.77%
Epoch 6/100 - Loss: 0.4644 - Accuracy: 76.92%
Validation - Loss: 0.4886 - Accuracy: 76.08%
Epoch 7/100 - Loss: 0.3962 - Accuracy: 81.06%
Validation - Loss: 0.4152 - Accuracy: 81.42%
Epoch 8/100 - Loss: 0.3626 - Accuracy: 83.71%
Validation - Loss: 0.5384 - Accuracy: 71.42%
Epoch 9/100 - Loss: 0.3247 - Accuracy: 85.28%
Validation - Loss: 0.3577 - Accuracy: 83.29%
Epoch 10/100 - Loss: 0.3037 - Accuracy: 86.32%
Validation - Loss: 0.3296 - Accuracy: 85.75%
Epoch 11/100 - Loss: 0.2668 - Accuracy: 88.84%
Validation - Loss: 0.3266 - Accuracy: 85.33%
Epoch 12/100 - Loss: 0.2578 - Accuracy: 88.97%
Validation - Loss: 0.5602 - Accuracy: 75.74%
Epoch 13/100 - Loss: 0.2368 - Accuracy: 90.14%
Validation - Loss: 0.2793 - Accuracy: 88.72%
Epoch 14/100 - Loss: 0.2290 - Accuracy: 90.67%
Validation - Loss: 0.7075 - Accuracy: 70.31%
Epoch 15/100 - Loss: 0.2240 - Accuracy: 91.05%
Validation - Loss: 0.3162 - Accuracy: 86.01%
Epoch 16/100 - Loss: 0.2094 - Accuracy: 91.03%
Validation - Loss: 0.2899 - Accuracy: 87.79%
Epoch 17/100 - Loss: 0.1969 - Accuracy: 91.64%
Validation - Loss: 0.2874 - Accuracy: 87.19%
Epoch 18/100 - Loss: 0.1913 - Accuracy: 92.17%
Validation - Loss: 0.3775 - Accuracy: 83.63%
Epoch 19/100 - Loss: 0.1855 - Accuracy: 92.45%
Validation - Loss: 0.9419 - Accuracy: 71.93%
Epoch 20/100 - Loss: 0.1738 - Accuracy: 93.04%
Validation - Loss: 0.4913 - Accuracy: 81.34%
Epoch 21/100 - Loss: 0.1662 - Accuracy: 93.08%
Validation - Loss: 0.2839 - Accuracy: 89.40%
Epoch 22/100 - Loss: 0.1594 - Accuracy: 93.66%
Validation - Loss: 1.4098 - Accuracy: 65.99%
Epoch 23/100 - Loss: 0.1560 - Accuracy: 93.61%
Validation - Loss: 0.4922 - Accuracy: 81.26%
Epoch 24/100 - Loss: 0.1601 - Accuracy: 93.45%
Validation - Loss: 0.6394 - Accuracy: 75.66%
Epoch 25/100 - Loss: 0.1586 - Accuracy: 93.61%
Validation - Loss: 0.6504 - Accuracy: 71.50%
Epoch 26/100 - Loss: 0.1309 - Accuracy: 94.53%
Validation - Loss: 0.4366 - Accuracy: 83.63%
Epoch 27/100 - Loss: 0.1233 - Accuracy: 95.21%
Validation - Loss: 0.3694 - Accuracy: 84.65%
Epoch 28/100 - Loss: 0.1250 - Accuracy: 95.06%
Validation - Loss: 0.6331 - Accuracy: 74.81%
Epoch 29/100 - Loss: 0.1281 - Accuracy: 95.01%
Validation - Loss: 0.2774 - Accuracy: 89.82%
Epoch 30/100 - Loss: 0.1172 - Accuracy: 95.33%
Validation - Loss: 1.1477 - Accuracy: 67.43%
Epoch 31/100 - Loss: 0.1124 - Accuracy: 95.38%
Validation - Loss: 0.3603 - Accuracy: 89.06%
Epoch 32/100 - Loss: 0.0978 - Accuracy: 96.18%
Validation - Loss: 2.3342 - Accuracy: 59.37%
Epoch 33/100 - Loss: 0.1004 - Accuracy: 96.16%
Validation - Loss: 0.4802 - Accuracy: 82.19%
Epoch 34/100 - Loss: 0.1018 - Accuracy: 96.03%
Validation - Loss: 0.3216 - Accuracy: 89.74%
Epoch 35/100 - Loss: 0.0965 - Accuracy: 96.31%
Validation - Loss: 0.5802 - Accuracy: 81.42%
Epoch 36/100 - Loss: 0.0727 - Accuracy: 97.16%
Validation - Loss: 0.6124 - Accuracy: 80.07%
Epoch 37/100 - Loss: 0.0815 - Accuracy: 96.63%
Validation - Loss: 0.3333 - Accuracy: 90.59%
Epoch 38/100 - Loss: 0.0897 - Accuracy: 95.99%
Validation - Loss: 0.3134 - Accuracy: 90.42%
Epoch 39/100 - Loss: 0.0742 - Accuracy: 97.09%
Validation - Loss: 0.3505 - Accuracy: 88.63%
Epoch 40/100 - Loss: 0.0685 - Accuracy: 97.35%
Validation - Loss: 0.6020 - Accuracy: 81.59%
Epoch 41/100 - Loss: 0.0669 - Accuracy: 97.62%
Validation - Loss: 0.8795 - Accuracy: 74.64%
Epoch 42/100 - Loss: 0.0618 - Accuracy: 97.77%
Validation - Loss: 3.0291 - Accuracy: 60.81%
Epoch 43/100 - Loss: 0.0621 - Accuracy: 97.79%
Validation - Loss: 0.6419 - Accuracy: 82.44%
Epoch 44/100 - Loss: 0.0799 - Accuracy: 97.22%
Validation - Loss: 0.2948 - Accuracy: 91.26%
Epoch 45/100 - Loss: 0.0630 - Accuracy: 97.75%
Validation - Loss: 0.3411 - Accuracy: 91.77%
Epoch 46/100 - Loss: 0.0613 - Accuracy: 97.48%
Validation - Loss: 0.3242 - Accuracy: 90.16%
Epoch 47/100 - Loss: 0.0545 - Accuracy: 97.84%
Validation - Loss: 0.4035 - Accuracy: 91.26%
Epoch 48/100 - Loss: 0.0513 - Accuracy: 98.07%
Validation - Loss: 0.8968 - Accuracy: 81.09%
Epoch 49/100 - Loss: 0.0467 - Accuracy: 98.07%
Validation - Loss: 0.9837 - Accuracy: 75.32%
Epoch 50/100 - Loss: 0.0436 - Accuracy: 98.20%
Validation - Loss: 0.3672 - Accuracy: 89.06%
Epoch 51/100 - Loss: 0.0564 - Accuracy: 98.05%
Validation - Loss: 0.6819 - Accuracy: 82.87%
Epoch 52/100 - Loss: 0.0507 - Accuracy: 98.15%
Validation - Loss: 1.6123 - Accuracy: 66.07%
Epoch 53/100 - Loss: 0.0387 - Accuracy: 98.75%
Validation - Loss: 0.2839 - Accuracy: 92.28%
Epoch 54/100 - Loss: 0.0373 - Accuracy: 98.58%
Validation - Loss: 0.3586 - Accuracy: 91.18%
Epoch 55/100 - Loss: 0.0457 - Accuracy: 98.49%
Validation - Loss: 0.3527 - Accuracy: 91.77%
Epoch 56/100 - Loss: 0.0425 - Accuracy: 98.56%
Validation - Loss: 0.3221 - Accuracy: 91.18%
Epoch 57/100 - Loss: 0.0466 - Accuracy: 98.28%
Validation - Loss: 0.3519 - Accuracy: 88.97%
Epoch 58/100 - Loss: 0.0438 - Accuracy: 98.54%
Validation - Loss: 0.3081 - Accuracy: 90.25%
Epoch 59/100 - Loss: 0.0455 - Accuracy: 98.30%
Validation - Loss: 0.4259 - Accuracy: 86.60%
Epoch 60/100 - Loss: 0.0391 - Accuracy: 98.41%
Validation - Loss: 0.4510 - Accuracy: 85.33%
Epoch 61/100 - Loss: 0.0335 - Accuracy: 98.79%
Validation - Loss: 0.6544 - Accuracy: 80.83%
Epoch 62/100 - Loss: 0.0337 - Accuracy: 98.83%
Validation - Loss: 0.4868 - Accuracy: 84.31%
Epoch 63/100 - Loss: 0.0264 - Accuracy: 99.00%
Validation - Loss: 0.4244 - Accuracy: 90.25%
Epoch 64/100 - Loss: 0.0367 - Accuracy: 98.64%
Validation - Loss: 0.4719 - Accuracy: 86.85%
Epoch 65/100 - Loss: 0.0325 - Accuracy: 98.81%
Validation - Loss: 0.9751 - Accuracy: 78.63%
Epoch 66/100 - Loss: 0.0329 - Accuracy: 98.73%
Validation - Loss: 4.4090 - Accuracy: 59.37%
Epoch 67/100 - Loss: 0.0287 - Accuracy: 99.02%
Validation - Loss: 0.4477 - Accuracy: 91.94%
Epoch 68/100 - Loss: 0.0390 - Accuracy: 98.58%
Validation - Loss: 0.4048 - Accuracy: 91.69%
Epoch 69/100 - Loss: 0.0328 - Accuracy: 98.56%
Validation - Loss: 1.5718 - Accuracy: 67.68%
Epoch 70/100 - Loss: 0.0381 - Accuracy: 98.88%
Validation - Loss: 0.4135 - Accuracy: 91.18%
Epoch 71/100 - Loss: 0.0361 - Accuracy: 98.77%
Validation - Loss: 0.3440 - Accuracy: 91.69%
Epoch 72/100 - Loss: 0.0243 - Accuracy: 99.07%
Validation - Loss: 0.4221 - Accuracy: 91.26%
Epoch 73/100 - Loss: 0.0318 - Accuracy: 98.96%
Validation - Loss: 0.5086 - Accuracy: 85.92%
Epoch 74/100 - Loss: 0.0335 - Accuracy: 98.75%
Validation - Loss: 0.4058 - Accuracy: 89.06%
Epoch 75/100 - Loss: 0.0298 - Accuracy: 98.98%
Validation - Loss: 1.2396 - Accuracy: 72.26%
Epoch 76/100 - Loss: 0.0291 - Accuracy: 99.17%
Validation - Loss: 0.4744 - Accuracy: 91.69%
Epoch 77/100 - Loss: 0.0323 - Accuracy: 98.90%
Validation - Loss: 0.3789 - Accuracy: 89.91%
Epoch 78/100 - Loss: 0.0235 - Accuracy: 99.19%
Validation - Loss: 0.9755 - Accuracy: 74.05%
Epoch 79/100 - Loss: 0.0255 - Accuracy: 99.07%
Validation - Loss: 0.3442 - Accuracy: 90.50%
Epoch 80/100 - Loss: 0.0238 - Accuracy: 99.24%
Validation - Loss: 0.3446 - Accuracy: 91.69%
Epoch 81/100 - Loss: 0.0264 - Accuracy: 98.90%
Validation - Loss: 0.3501 - Accuracy: 91.60%
Epoch 82/100 - Loss: 0.0228 - Accuracy: 99.19%
Validation - Loss: 3.6084 - Accuracy: 58.35%
Epoch 83/100 - Loss: 0.0260 - Accuracy: 99.15%
Validation - Loss: 0.4028 - Accuracy: 90.25%
Epoch 84/100 - Loss: 0.0282 - Accuracy: 99.02%
Validation - Loss: 0.4153 - Accuracy: 90.67%
Epoch 85/100 - Loss: 0.0335 - Accuracy: 98.73%
Validation - Loss: 2.1331 - Accuracy: 65.48%
Epoch 86/100 - Loss: 0.0226 - Accuracy: 99.24%
Validation - Loss: 0.3655 - Accuracy: 91.35%
Epoch 87/100 - Loss: 0.0190 - Accuracy: 99.34%
Validation - Loss: 0.3652 - Accuracy: 91.77%
Epoch 88/100 - Loss: 0.0192 - Accuracy: 99.24%
Validation - Loss: 0.4007 - Accuracy: 92.20%
Epoch 89/100 - Loss: 0.0175 - Accuracy: 99.26%
Validation - Loss: 0.4785 - Accuracy: 87.28%
Epoch 90/100 - Loss: 0.0269 - Accuracy: 99.26%
Validation - Loss: 2.8620 - Accuracy: 63.95%
Epoch 91/100 - Loss: 0.0291 - Accuracy: 99.00%
Validation - Loss: 0.3816 - Accuracy: 89.99%
Epoch 92/100 - Loss: 0.0154 - Accuracy: 99.58%
Validation - Loss: 2.5295 - Accuracy: 67.09%
Epoch 93/100 - Loss: 0.0188 - Accuracy: 99.26%
Validation - Loss: 0.4449 - Accuracy: 92.20%
Epoch 94/100 - Loss: 0.0166 - Accuracy: 99.43%
Validation - Loss: 0.4065 - Accuracy: 90.92%
Epoch 95/100 - Loss: 0.0161 - Accuracy: 99.43%
Validation - Loss: 0.5152 - Accuracy: 88.46%
Epoch 96/100 - Loss: 0.0230 - Accuracy: 99.26%
Validation - Loss: 0.8388 - Accuracy: 80.92%
Epoch 97/100 - Loss: 0.0287 - Accuracy: 99.05%
Validation - Loss: 3.9850 - Accuracy: 59.63%
Epoch 98/100 - Loss: 0.0207 - Accuracy: 99.28%
Validation - Loss: 1.0617 - Accuracy: 76.76%
Epoch 99/100 - Loss: 0.0160 - Accuracy: 99.38%
Validation - Loss: 0.3918 - Accuracy: 90.16%
Epoch 100/100 - Loss: 0.0220 - Accuracy: 99.17%
Validation - Loss: 0.3746 - Accuracy: 91.94%
trained model
metrics plotted

Metrics saved to: mnv3_preprocessed/metrics_mnv3_preprocessed.txt
Test Accuracy: 92.50%
F1 Score: 0.9239
Recall: 0.9100
Precision: 0.9381
ROC AUC: 0.9814

Confidence statistics saved to: mnv3_preprocessed/confidence_statistics_mnv3_preprocessed.txt
model evaluated
Model saved successfully!
model saved
it took:  1509.3635382652283
training time saved
Finished training process.
